2025-01-20 02:18:09,464 - INFO - Starting continuous monitoring for address 0xae1c7fb1ea42d3df0d8b683fc4f4b7ca5f23fcf0
2025-01-20 02:18:09,464 - INFO - Watching for non-ETH/MPH transactions
2025-01-20 02:18:09,464 - INFO - Press Ctrl+C to stop monitoring
2025-01-20 02:18:09,468 - INFO - [31m[1mWARNING: This is a development server. Do not use it in a production deployment. Use a production WSGI server instead.[0m
 * Running on all addresses (0.0.0.0)
 * Running on http://127.0.0.1:5000
 * Running on http://10.140.0.2:5000
2025-01-20 02:18:09,468 - INFO - [33mPress CTRL+C to quit[0m
2025-01-20 02:18:09,762 - ERROR - Error loading data file: Expecting value: line 1 column 1 (char 0)
2025-01-20 02:18:09,762 - WARNING - Abnormal transaction detected!
2025-01-20 02:18:09,763 - WARNING - Hash: 0x893c8e6ce222b6ded58ad72766dab764ec463626ba52a036dd68ca217c467d5d
2025-01-20 02:18:09,763 - WARNING - To: UniswapV2Router02 (0x81606E6f8aAD6C75c2f383Ea595c2b9f8ce8aE3a)
2025-01-20 02:18:09,763 - WARNING - Method: swapExactTokensForETH
2025-01-20 02:18:09,763 - WARNING - --------------------------------------------------
2025-01-20 02:18:09,763 - WARNING - Abnormal transaction detected!
2025-01-20 02:18:09,763 - WARNING - Hash: 0x972aed4054c4ee2da8b260abef100b50b97488598e2ce662d198eeedc3a59f5f
2025-01-20 02:18:09,763 - WARNING - To: UniswapV2Router02 (0x81606E6f8aAD6C75c2f383Ea595c2b9f8ce8aE3a)
2025-01-20 02:18:09,763 - WARNING - Method: swapExactETHForTokens
2025-01-20 02:18:09,763 - WARNING - --------------------------------------------------
2025-01-20 02:18:09,763 - WARNING - Abnormal transaction detected!
2025-01-20 02:18:09,763 - WARNING - Hash: 0x80540a22c081e9ce41009baa0941cd391a467d89829d8087fc95969cf9a3ec96
2025-01-20 02:18:09,763 - WARNING - To: UniswapV2Router02 (0x81606E6f8aAD6C75c2f383Ea595c2b9f8ce8aE3a)
2025-01-20 02:18:09,763 - WARNING - Method: swapExactTokensForETH
2025-01-20 02:18:09,764 - WARNING - --------------------------------------------------
2025-01-20 02:18:09,764 - WARNING - Abnormal transaction detected!
2025-01-20 02:18:09,764 - WARNING - Hash: 0xd2a221c7df695f5504e532f70457e312de1192a286f303b85a5cbe6a63fc089f
2025-01-20 02:18:09,764 - WARNING - To: UniswapV2Router02 (0x81606E6f8aAD6C75c2f383Ea595c2b9f8ce8aE3a)
2025-01-20 02:18:09,764 - WARNING - Method: swapExactETHForTokens
2025-01-20 02:18:09,764 - WARNING - --------------------------------------------------
2025-01-20 02:18:09,764 - WARNING - Abnormal transaction detected!
2025-01-20 02:18:09,764 - WARNING - Hash: 0x2756381c6f424b84e548080a4732f5fd28b2a0548138a4c122d3d774ec36f0ad
2025-01-20 02:18:09,764 - WARNING - To: UniswapV2Router02 (0x81606E6f8aAD6C75c2f383Ea595c2b9f8ce8aE3a)
2025-01-20 02:18:09,764 - WARNING - Method: swapExactTokensForETH
2025-01-20 02:18:09,764 - WARNING - --------------------------------------------------
2025-01-20 02:18:09,764 - WARNING - Abnormal transaction detected!
2025-01-20 02:18:09,764 - WARNING - Hash: 0x296ae82c7233cd6b60dba687d3291aca9643785fc06d113720b3cc9658dc9312
2025-01-20 02:18:09,764 - WARNING - To: UniswapV2Router02 (0x81606E6f8aAD6C75c2f383Ea595c2b9f8ce8aE3a)
2025-01-20 02:18:09,764 - WARNING - Method: swapExactETHForTokens
2025-01-20 02:18:09,764 - WARNING - --------------------------------------------------
2025-01-20 02:18:09,764 - WARNING - Abnormal transaction detected!
2025-01-20 02:18:09,764 - WARNING - Hash: 0xc2cc0c66edc28002e9518880fef95a7735962d47d234345eb3dc53336bfe0f44
2025-01-20 02:18:09,764 - WARNING - To: UniswapV2Router02 (0x81606E6f8aAD6C75c2f383Ea595c2b9f8ce8aE3a)
2025-01-20 02:18:09,764 - WARNING - Method: swapExactTokensForETH
2025-01-20 02:18:09,764 - WARNING - --------------------------------------------------
2025-01-20 02:18:09,764 - WARNING - Abnormal transaction detected!
2025-01-20 02:18:09,764 - WARNING - Hash: 0xf45ad30de34072f62137aeb954a29d141ad03a425fc0d2e898dae6b127cc0053
2025-01-20 02:18:09,764 - WARNING - To: UniswapV2Router02 (0x81606E6f8aAD6C75c2f383Ea595c2b9f8ce8aE3a)
2025-01-20 02:18:09,764 - WARNING - Method: swapExactETHForTokens
2025-01-20 02:18:09,764 - WARNING - --------------------------------------------------
2025-01-20 02:18:09,765 - WARNING - Abnormal transaction detected!
2025-01-20 02:18:09,765 - WARNING - Hash: 0x66514f7b0dcd506caf08fd7b6082a7d2c61b9f05bc2eeb4c60f10e3879a4efe8
2025-01-20 02:18:09,765 - WARNING - To: UniswapV2Router02 (0x81606E6f8aAD6C75c2f383Ea595c2b9f8ce8aE3a)
2025-01-20 02:18:09,765 - WARNING - Method: swapExactTokensForETH
2025-01-20 02:18:09,765 - WARNING - --------------------------------------------------
2025-01-20 02:18:09,765 - WARNING - Abnormal transaction detected!
2025-01-20 02:18:09,765 - WARNING - Hash: 0xf41a9be4877d3fda237314f36bfc1f96f6c043903767c27a790f6417c8acdfda
2025-01-20 02:18:09,765 - WARNING - To: UniswapV2Router02 (0x81606E6f8aAD6C75c2f383Ea595c2b9f8ce8aE3a)
2025-01-20 02:18:09,765 - WARNING - Method: swapExactETHForTokens
2025-01-20 02:18:09,765 - WARNING - --------------------------------------------------
2025-01-20 02:18:09,765 - WARNING - Abnormal transaction detected!
2025-01-20 02:18:09,765 - WARNING - Hash: 0x940d52342a6b6b41734d5d2bea0d1bcf18872138a5480dcdd337501c80d7e66e
2025-01-20 02:18:09,765 - WARNING - To: UniswapV2Router02 (0x81606E6f8aAD6C75c2f383Ea595c2b9f8ce8aE3a)
2025-01-20 02:18:09,765 - WARNING - Method: swapExactTokensForETH
2025-01-20 02:18:09,765 - WARNING - --------------------------------------------------
2025-01-20 02:18:09,765 - WARNING - Abnormal transaction detected!
2025-01-20 02:18:09,765 - WARNING - Hash: 0xd75d630c97abc6f7ec3616465c1a34fb5e95897f45e31522c9995b472bbce4f4
2025-01-20 02:18:09,765 - WARNING - To: UniswapV2Router02 (0x81606E6f8aAD6C75c2f383Ea595c2b9f8ce8aE3a)
2025-01-20 02:18:09,765 - WARNING - Method: swapExactETHForTokens
2025-01-20 02:18:09,765 - WARNING - --------------------------------------------------
2025-01-20 02:18:09,765 - WARNING - Abnormal transaction detected!
2025-01-20 02:18:09,765 - WARNING - Hash: 0x382d0388c630e13ce99998b4593ead29a7ac8278bfcc4cd4f47b149fe068ed77
2025-01-20 02:18:09,765 - WARNING - To: UniswapV2Router02 (0x81606E6f8aAD6C75c2f383Ea595c2b9f8ce8aE3a)
2025-01-20 02:18:09,766 - WARNING - Method: swapExactTokensForETH
2025-01-20 02:18:09,766 - WARNING - --------------------------------------------------
2025-01-20 02:18:09,766 - WARNING - Abnormal transaction detected!
2025-01-20 02:18:09,766 - WARNING - Hash: 0x3a03466381fa4ea92b799b043386c3c3e9be096b5c6e285ff075dedd21c5d43d
2025-01-20 02:18:09,766 - WARNING - To: UniswapV2Router02 (0x81606E6f8aAD6C75c2f383Ea595c2b9f8ce8aE3a)
2025-01-20 02:18:09,766 - WARNING - Method: swapExactETHForTokens
2025-01-20 02:18:09,766 - WARNING - --------------------------------------------------
2025-01-20 02:18:09,766 - WARNING - Abnormal transaction detected!
2025-01-20 02:18:09,766 - WARNING - Hash: 0x6dbea7bf42e906e9e856e4ffff7cfb7070c81d8d1b68bddd66659933871cb46c
2025-01-20 02:18:09,766 - WARNING - To: UniswapV2Router02 (0x81606E6f8aAD6C75c2f383Ea595c2b9f8ce8aE3a)
2025-01-20 02:18:09,766 - WARNING - Method: swapExactTokensForETH
2025-01-20 02:18:09,766 - WARNING - --------------------------------------------------
2025-01-20 02:18:09,766 - WARNING - Abnormal transaction detected!
2025-01-20 02:18:09,766 - WARNING - Hash: 0x4a50408c76fb9a983d899ae8b07def775f8cec2c30db4d23cbcf71e424c6990b
2025-01-20 02:18:09,766 - WARNING - To: UniswapV2Router02 (0x81606E6f8aAD6C75c2f383Ea595c2b9f8ce8aE3a)
2025-01-20 02:18:09,766 - WARNING - Method: swapExactETHForTokens
2025-01-20 02:18:09,766 - WARNING - --------------------------------------------------
2025-01-20 02:18:09,766 - WARNING - Abnormal transaction detected!
2025-01-20 02:18:09,766 - WARNING - Hash: 0x631900a03aedb5236f22323533903cd888c2680f927b80a2c41278ce50b05446
2025-01-20 02:18:09,766 - WARNING - To: UniswapV2Router02 (0x81606E6f8aAD6C75c2f383Ea595c2b9f8ce8aE3a)
2025-01-20 02:18:09,766 - WARNING - Method: swapExactTokensForETH
2025-01-20 02:18:09,766 - WARNING - --------------------------------------------------
2025-01-20 02:18:09,766 - WARNING - Abnormal transaction detected!
2025-01-20 02:18:09,766 - WARNING - Hash: 0x0b7eb46d89a2afbf8dc4667c9b6d69616f0497622cb11b5babd7f936174f8c08
2025-01-20 02:18:09,766 - WARNING - To: UniswapV2Router02 (0x81606E6f8aAD6C75c2f383Ea595c2b9f8ce8aE3a)
2025-01-20 02:18:09,767 - WARNING - Method: swapExactETHForTokens
2025-01-20 02:18:09,767 - WARNING - --------------------------------------------------
2025-01-20 02:18:09,767 - WARNING - Abnormal transaction detected!
2025-01-20 02:18:09,767 - WARNING - Hash: 0xcf33b2907048990a64aff889b11c490fba83f5fba801b4f5ee6aeed0d7277001
2025-01-20 02:18:09,767 - WARNING - To: UniswapV2Router02 (0x81606E6f8aAD6C75c2f383Ea595c2b9f8ce8aE3a)
2025-01-20 02:18:09,767 - WARNING - Method: swapExactTokensForETH
2025-01-20 02:18:09,767 - WARNING - --------------------------------------------------
2025-01-20 02:18:09,767 - WARNING - Abnormal transaction detected!
2025-01-20 02:18:09,767 - WARNING - Hash: 0xffc633b9eb7dc2454323f44836053f482d95f46cba3748b4e7ea8b0e8c8e9622
2025-01-20 02:18:09,767 - WARNING - To: UniswapV2Router02 (0x81606E6f8aAD6C75c2f383Ea595c2b9f8ce8aE3a)
2025-01-20 02:18:09,767 - WARNING - Method: swapExactETHForTokens
2025-01-20 02:18:09,767 - WARNING - --------------------------------------------------
2025-01-20 02:18:09,767 - WARNING - Abnormal transaction detected!
2025-01-20 02:18:09,767 - WARNING - Hash: 0xceeb8439e0bb659b8723cbc53a876b2db50e2e39b10ce89d60bc743918a59ebf
2025-01-20 02:18:09,767 - WARNING - To: UniswapV2Router02 (0x81606E6f8aAD6C75c2f383Ea595c2b9f8ce8aE3a)
2025-01-20 02:18:09,767 - WARNING - Method: swapExactTokensForETH
2025-01-20 02:18:09,767 - WARNING - --------------------------------------------------
2025-01-20 02:18:09,767 - WARNING - Abnormal transaction detected!
2025-01-20 02:18:09,767 - WARNING - Hash: 0xf4810be133b6fdd72ac9565aef9c0524ad9089313c00c6262cd6e7ec44d997ce
2025-01-20 02:18:09,767 - WARNING - To: UniswapV2Router02 (0x81606E6f8aAD6C75c2f383Ea595c2b9f8ce8aE3a)
2025-01-20 02:18:09,767 - WARNING - Method: swapExactETHForTokens
2025-01-20 02:18:09,767 - WARNING - --------------------------------------------------
2025-01-20 02:18:09,767 - WARNING - Abnormal transaction detected!
2025-01-20 02:18:09,767 - WARNING - Hash: 0x4417921bc1dc2acf31e301d1e15d36acc18695bd349e44b2debd10b1784adaa3
2025-01-20 02:18:09,767 - WARNING - To: UniswapV2Router02 (0x81606E6f8aAD6C75c2f383Ea595c2b9f8ce8aE3a)
2025-01-20 02:18:09,767 - WARNING - Method: swapExactTokensForETH
2025-01-20 02:18:09,768 - WARNING - --------------------------------------------------
2025-01-20 02:18:09,768 - WARNING - Abnormal transaction detected!
2025-01-20 02:18:09,768 - WARNING - Hash: 0xb6b82f936dfd520099898375bf8cd43e014702183cd82da2798a53e9adffbd9c
2025-01-20 02:18:09,768 - WARNING - To: UniswapV2Router02 (0x81606E6f8aAD6C75c2f383Ea595c2b9f8ce8aE3a)
2025-01-20 02:18:09,768 - WARNING - Method: swapExactETHForTokens
2025-01-20 02:18:09,768 - WARNING - --------------------------------------------------
2025-01-20 02:18:09,768 - WARNING - Abnormal transaction detected!
2025-01-20 02:18:09,768 - WARNING - Hash: 0x1edac056ae30e980f97ce15e529c800cb944be682d21bf8b52f3c525bb4dd04f
2025-01-20 02:18:09,768 - WARNING - To: UniswapV2Router02 (0x81606E6f8aAD6C75c2f383Ea595c2b9f8ce8aE3a)
2025-01-20 02:18:09,768 - WARNING - Method: swapExactTokensForETH
2025-01-20 02:18:09,768 - WARNING - --------------------------------------------------
2025-01-20 02:18:09,768 - WARNING - Abnormal transaction detected!
2025-01-20 02:18:09,768 - WARNING - Hash: 0xcee3caec897c616cbd5eeff6de9c5a2578ebc3ed7095494841d107caee322681
2025-01-20 02:18:09,768 - WARNING - To: UniswapV2Router02 (0x81606E6f8aAD6C75c2f383Ea595c2b9f8ce8aE3a)
2025-01-20 02:18:09,768 - WARNING - Method: swapExactETHForTokens
2025-01-20 02:18:09,768 - WARNING - --------------------------------------------------
2025-01-20 02:18:09,768 - WARNING - Abnormal transaction detected!
2025-01-20 02:18:09,768 - WARNING - Hash: 0x46f4ea8069e7ea81d030ee725ada0abebad953812f14fca8a655e60b47fe74d0
2025-01-20 02:18:09,768 - WARNING - To: UniswapV2Router02 (0x81606E6f8aAD6C75c2f383Ea595c2b9f8ce8aE3a)
2025-01-20 02:18:09,768 - WARNING - Method: swapExactTokensForETH
2025-01-20 02:18:09,768 - WARNING - --------------------------------------------------
2025-01-20 02:18:09,768 - WARNING - Abnormal transaction detected!
2025-01-20 02:18:09,768 - WARNING - Hash: 0x6872e0dd03821caa87fd662fd09ed0fa99bfe1d82d00dc9028655f60d9ebdff5
2025-01-20 02:18:09,768 - WARNING - To: UniswapV2Router02 (0x81606E6f8aAD6C75c2f383Ea595c2b9f8ce8aE3a)
2025-01-20 02:18:09,768 - WARNING - Method: swapExactETHForTokens
2025-01-20 02:18:09,768 - WARNING - --------------------------------------------------
2025-01-20 02:18:09,769 - WARNING - Abnormal transaction detected!
2025-01-20 02:18:09,769 - WARNING - Hash: 0x280dd047ce4c0632face1b3ea536f1f6be263b71299836a6e8e75fbadaeca2e0
2025-01-20 02:18:09,769 - WARNING - To: UniswapV2Router02 (0x81606E6f8aAD6C75c2f383Ea595c2b9f8ce8aE3a)
2025-01-20 02:18:09,769 - WARNING - Method: swapExactTokensForETH
2025-01-20 02:18:09,769 - WARNING - --------------------------------------------------
2025-01-20 02:18:09,769 - WARNING - Abnormal transaction detected!
2025-01-20 02:18:09,769 - WARNING - Hash: 0x6d2319416e3f92003ab30ae5bc6c377c236f205d9fec78bfc7f1e9e9416e4f87
2025-01-20 02:18:09,769 - WARNING - To: UniswapV2Router02 (0x81606E6f8aAD6C75c2f383Ea595c2b9f8ce8aE3a)
2025-01-20 02:18:09,769 - WARNING - Method: swapExactETHForTokens
2025-01-20 02:18:09,769 - WARNING - --------------------------------------------------
2025-01-20 02:18:09,769 - WARNING - Abnormal transaction detected!
2025-01-20 02:18:09,769 - WARNING - Hash: 0x9dcedbd394330ea5ed67199e81478c7307a56df6aba3c61223c73ea4056e7d3a
2025-01-20 02:18:09,769 - WARNING - To: UniswapV2Router02 (0x81606E6f8aAD6C75c2f383Ea595c2b9f8ce8aE3a)
2025-01-20 02:18:09,769 - WARNING - Method: swapExactTokensForETH
2025-01-20 02:18:09,769 - WARNING - --------------------------------------------------
2025-01-20 02:18:09,769 - WARNING - Abnormal transaction detected!
2025-01-20 02:18:09,769 - WARNING - Hash: 0x347bb49a27b4af8e00902ab39a28da5a33cfcb770fbb8141dfd42f49c319d10a
2025-01-20 02:18:09,769 - WARNING - To: UniswapV2Router02 (0x81606E6f8aAD6C75c2f383Ea595c2b9f8ce8aE3a)
2025-01-20 02:18:09,769 - WARNING - Method: swapExactETHForTokens
2025-01-20 02:18:09,769 - WARNING - --------------------------------------------------
2025-01-20 02:18:09,769 - WARNING - Abnormal transaction detected!
2025-01-20 02:18:09,769 - WARNING - Hash: 0xc1ab6bc97f731cac32626c2f65f290fcd5f3695243aa459171a0fc621395016d
2025-01-20 02:18:09,769 - WARNING - To: UniswapV2Router02 (0x81606E6f8aAD6C75c2f383Ea595c2b9f8ce8aE3a)
2025-01-20 02:18:09,769 - WARNING - Method: swapExactTokensForETH
2025-01-20 02:18:09,769 - WARNING - --------------------------------------------------
2025-01-20 02:18:09,770 - WARNING - Abnormal transaction detected!
2025-01-20 02:18:09,770 - WARNING - Hash: 0x5c234229381cea69f8ecc9e52fa9305a867c0f4a9bca80563298fe30fb00aa83
2025-01-20 02:18:09,770 - WARNING - To: UniswapV2Router02 (0x81606E6f8aAD6C75c2f383Ea595c2b9f8ce8aE3a)
2025-01-20 02:18:09,770 - WARNING - Method: swapExactETHForTokens
2025-01-20 02:18:09,770 - WARNING - --------------------------------------------------
2025-01-20 02:18:09,770 - WARNING - Abnormal transaction detected!
2025-01-20 02:18:09,770 - WARNING - Hash: 0x686ff029ab1157ac40d16db4cacbacfb1aded6640c2b784804723c14e544fb30
2025-01-20 02:18:09,770 - WARNING - To: UniswapV2Router02 (0x81606E6f8aAD6C75c2f383Ea595c2b9f8ce8aE3a)
2025-01-20 02:18:09,770 - WARNING - Method: swapExactTokensForETH
2025-01-20 02:18:09,770 - WARNING - --------------------------------------------------
2025-01-20 02:18:09,770 - WARNING - Abnormal transaction detected!
2025-01-20 02:18:09,770 - WARNING - Hash: 0xbfbaa96a7afb97c28833471a7796255cd8b2871fb0cb22c0a262d1bcde2c1875
2025-01-20 02:18:09,770 - WARNING - To: UniswapV2Router02 (0x81606E6f8aAD6C75c2f383Ea595c2b9f8ce8aE3a)
2025-01-20 02:18:09,770 - WARNING - Method: swapExactETHForTokens
2025-01-20 02:18:09,770 - WARNING - --------------------------------------------------
2025-01-20 02:18:09,770 - WARNING - Abnormal transaction detected!
2025-01-20 02:18:09,770 - WARNING - Hash: 0xa8f6a8b582a8ef90146e3f6a3b53df717f54cff416b2dd893a2075ac05ee241d
2025-01-20 02:18:09,770 - WARNING - To: UniswapV2Router02 (0x81606E6f8aAD6C75c2f383Ea595c2b9f8ce8aE3a)
2025-01-20 02:18:09,770 - WARNING - Method: swapExactTokensForETH
2025-01-20 02:18:09,770 - WARNING - --------------------------------------------------
2025-01-20 02:18:09,770 - WARNING - Abnormal transaction detected!
2025-01-20 02:18:09,770 - WARNING - Hash: 0x427574ae8e4aa37a90f335157679323ee7315908456188851841ef6a78e0616f
2025-01-20 02:18:09,770 - WARNING - To: UniswapV2Router02 (0x81606E6f8aAD6C75c2f383Ea595c2b9f8ce8aE3a)
2025-01-20 02:18:09,770 - WARNING - Method: swapExactETHForTokens
2025-01-20 02:18:09,770 - WARNING - --------------------------------------------------
2025-01-20 02:18:09,770 - WARNING - Abnormal transaction detected!
2025-01-20 02:18:09,771 - WARNING - Hash: 0x40165bc03f8f3d807be5420e807fca31aad05bc9bde125063f1e625f7448d2ff
2025-01-20 02:18:09,771 - WARNING - To: UniswapV2Router02 (0x81606E6f8aAD6C75c2f383Ea595c2b9f8ce8aE3a)
2025-01-20 02:18:09,771 - WARNING - Method: swapExactTokensForETH
2025-01-20 02:18:09,771 - WARNING - --------------------------------------------------
2025-01-20 02:18:09,771 - WARNING - Abnormal transaction detected!
2025-01-20 02:18:09,771 - WARNING - Hash: 0x0fd2c19f09120abc7d6b4bc7ae89c75dacb81f22f1731d25d26aa189ecfee6d3
2025-01-20 02:18:09,771 - WARNING - To: UniswapV2Router02 (0x81606E6f8aAD6C75c2f383Ea595c2b9f8ce8aE3a)
2025-01-20 02:18:09,771 - WARNING - Method: swapExactETHForTokens
2025-01-20 02:18:09,771 - WARNING - --------------------------------------------------
2025-01-20 02:18:09,771 - WARNING - Abnormal transaction detected!
2025-01-20 02:18:09,771 - WARNING - Hash: 0x15845f25964d758eb266dfccdb32b8dd44480bd49ef3aec1192b0ce5dad8232b
2025-01-20 02:18:09,771 - WARNING - To: UniswapV2Router02 (0x81606E6f8aAD6C75c2f383Ea595c2b9f8ce8aE3a)
2025-01-20 02:18:09,771 - WARNING - Method: swapExactTokensForETH
2025-01-20 02:18:09,771 - WARNING - --------------------------------------------------
2025-01-20 02:18:09,771 - WARNING - Abnormal transaction detected!
2025-01-20 02:18:09,771 - WARNING - Hash: 0x965c7905ae4fa6113ef9bf74f8c2412e3aae682132f93d4266150addd4022410
2025-01-20 02:18:09,771 - WARNING - To: UniswapV2Router02 (0x81606E6f8aAD6C75c2f383Ea595c2b9f8ce8aE3a)
2025-01-20 02:18:09,771 - WARNING - Method: swapExactETHForTokens
2025-01-20 02:18:09,771 - WARNING - --------------------------------------------------
2025-01-20 02:18:09,771 - WARNING - Abnormal transaction detected!
2025-01-20 02:18:09,771 - WARNING - Hash: 0x12588693e97b81dca09205e134b96244613faeb67c12e09a2219b306bdfc91c1
2025-01-20 02:18:09,771 - WARNING - To: UniswapV2Router02 (0x81606E6f8aAD6C75c2f383Ea595c2b9f8ce8aE3a)
2025-01-20 02:18:09,771 - WARNING - Method: swapExactTokensForETH
2025-01-20 02:18:09,771 - WARNING - --------------------------------------------------
2025-01-20 02:18:09,771 - WARNING - Abnormal transaction detected!
2025-01-20 02:18:09,771 - WARNING - Hash: 0x60a5264682ab6f2ac5fc8bfe805aadd3c681d67e4cf6ff67f5d16422eaf279af
2025-01-20 02:18:09,772 - WARNING - To: UniswapV2Router02 (0x81606E6f8aAD6C75c2f383Ea595c2b9f8ce8aE3a)
2025-01-20 02:18:09,772 - WARNING - Method: swapExactETHForTokens
2025-01-20 02:18:09,772 - WARNING - --------------------------------------------------
2025-01-20 02:18:09,772 - WARNING - Abnormal transaction detected!
2025-01-20 02:18:09,772 - WARNING - Hash: 0xbf2f5424873bf2fea88315ba6425f5dba311aaeb55fccb36b74bab7e8e3ca2dd
2025-01-20 02:18:09,772 - WARNING - To: UniswapV2Router02 (0x81606E6f8aAD6C75c2f383Ea595c2b9f8ce8aE3a)
2025-01-20 02:18:09,772 - WARNING - Method: swapExactTokensForETH
2025-01-20 02:18:09,772 - WARNING - --------------------------------------------------
2025-01-20 02:18:09,772 - WARNING - Abnormal transaction detected!
2025-01-20 02:18:09,772 - WARNING - Hash: 0x1f40fca422a19cb25e2a0a030b5a0025beb2de04adb5302b5a8b4318accfdf65
2025-01-20 02:18:09,772 - WARNING - To: UniswapV2Router02 (0x81606E6f8aAD6C75c2f383Ea595c2b9f8ce8aE3a)
2025-01-20 02:18:09,772 - WARNING - Method: swapExactETHForTokens
2025-01-20 02:18:09,772 - WARNING - --------------------------------------------------
2025-01-20 02:18:09,772 - WARNING - Abnormal transaction detected!
2025-01-20 02:18:09,772 - WARNING - Hash: 0x9f28e5932df377621ef88445d83e87ce429298f1c42b3876f5d77c58a62dc4c6
2025-01-20 02:18:09,772 - WARNING - To: UniswapV2Router02 (0x81606E6f8aAD6C75c2f383Ea595c2b9f8ce8aE3a)
2025-01-20 02:18:09,772 - WARNING - Method: swapExactTokensForETH
2025-01-20 02:18:09,772 - WARNING - --------------------------------------------------
2025-01-20 02:18:09,772 - WARNING - Abnormal transaction detected!
2025-01-20 02:18:09,772 - WARNING - Hash: 0x9a7e9437d8526d7a733406bb774517c19516161ffb329c8f62ab5ce4b6b40491
2025-01-20 02:18:09,772 - WARNING - To: UniswapV2Router02 (0x81606E6f8aAD6C75c2f383Ea595c2b9f8ce8aE3a)
2025-01-20 02:18:09,772 - WARNING - Method: swapExactETHForTokens
2025-01-20 02:18:09,772 - WARNING - --------------------------------------------------
2025-01-20 02:18:09,772 - WARNING - Abnormal transaction detected!
2025-01-20 02:18:09,772 - WARNING - Hash: 0x5830802d19c6f91161f90eb53a2812d8fb2052d3385f2aea791fe886feab225d
2025-01-20 02:18:09,772 - WARNING - To: UniswapV2Router02 (0x81606E6f8aAD6C75c2f383Ea595c2b9f8ce8aE3a)
2025-01-20 02:18:09,773 - WARNING - Method: swapExactTokensForETH
2025-01-20 02:18:09,773 - WARNING - --------------------------------------------------
2025-01-20 02:18:09,773 - WARNING - Abnormal transaction detected!
2025-01-20 02:18:09,773 - WARNING - Hash: 0x7f74ed8b3b8c03a6df143ec9bd1fcc67a7381300247fa467448e090c08e052fd
2025-01-20 02:18:09,773 - WARNING - To: UniswapV2Router02 (0x81606E6f8aAD6C75c2f383Ea595c2b9f8ce8aE3a)
2025-01-20 02:18:09,773 - WARNING - Method: swapExactETHForTokens
2025-01-20 02:18:09,773 - WARNING - --------------------------------------------------
2025-01-20 02:19:02,748 - INFO - Monitoring stopped by user
2025-01-20 02:19:03,478 - INFO - Starting continuous monitoring for address 0xae1c7fb1ea42d3df0d8b683fc4f4b7ca5f23fcf0
2025-01-20 02:19:03,479 - INFO - Watching for non-ETH/MPH transactions
2025-01-20 02:19:03,479 - INFO - Press Ctrl+C to stop monitoring
2025-01-20 02:19:03,483 - INFO - [31m[1mWARNING: This is a development server. Do not use it in a production deployment. Use a production WSGI server instead.[0m
 * Running on all addresses (0.0.0.0)
 * Running on http://127.0.0.1:5000
 * Running on http://10.140.0.2:5000
2025-01-20 02:19:03,483 - INFO - [33mPress CTRL+C to quit[0m
2025-01-20 02:19:31,936 - ERROR - 206.168.34.212 - - [20/Jan/2025 02:19:31] code 400, message Bad request version ('zG\x9d@\x15')
2025-01-20 02:19:31,937 - INFO - 206.168.34.212 - - [20/Jan/2025 02:19:31] "[35m[1m\x16\x03\x01\x00î\x01\x00\x00ê\x03\x037\x09\\Ù\x1dzG\x9d@\x15[0m" HTTPStatus.BAD_REQUEST -
2025-01-20 02:19:33,001 - INFO - Monitoring stopped by user
